{"/Users/serjee/Documents/Projects/dashboard-api/src/app.ts": {"path":"/Users/serjee/Documents/Projects/dashboard-api/src/app.ts","statementMap":{"0":{"start":{"line":2,"column":0},"end":{"line":2,"column":43}},"1":{"start":{"line":3,"column":0},"end":{"line":3,"column":35}},"2":{"start":{"line":4,"column":0},"end":{"line":4,"column":47}},"3":{"start":{"line":8,"column":0},"end":{"line":8,"column":59}},"4":{"start":{"line":9,"column":0},"end":{"line":9,"column":58}},"5":{"start":{"line":10,"column":0},"end":{"line":10,"column":32}},"6":{"start":{"line":11,"column":0},"end":{"line":11,"column":26}},"7":{"start":{"line":12,"column":0},"end":{"line":12,"column":58}},"8":{"start":{"line":15,"column":7},"end":{"line":60,"column":null}},"9":{"start":{"line":21,"column":39},"end":{"line":21,"column":60}},"10":{"start":{"line":22,"column":41},"end":{"line":22,"column":72}},"11":{"start":{"line":23,"column":39},"end":{"line":23,"column":68}},"12":{"start":{"line":24,"column":41},"end":{"line":24,"column":57}},"13":{"start":{"line":25,"column":39},"end":{"line":25,"column":54}},"14":{"start":{"line":27,"column":2},"end":{"line":27,"column":23}},"15":{"start":{"line":28,"column":2},"end":{"line":28,"column":19}},"16":{"start":{"line":32,"column":2},"end":{"line":32,"column":23}},"17":{"start":{"line":34,"column":25},"end":{"line":34,"column":77}},"18":{"start":{"line":35,"column":2},"end":{"line":35,"column":60}},"19":{"start":{"line":39,"column":2},"end":{"line":39,"column":53}},"20":{"start":{"line":43,"column":2},"end":{"line":43,"column":53}},"21":{"start":{"line":47,"column":2},"end":{"line":47,"column":23}},"22":{"start":{"line":48,"column":2},"end":{"line":48,"column":19}},"23":{"start":{"line":49,"column":2},"end":{"line":49,"column":28}},"24":{"start":{"line":51,"column":2},"end":{"line":51,"column":37}},"25":{"start":{"line":53,"column":2},"end":{"line":53,"column":43}},"26":{"start":{"line":54,"column":2},"end":{"line":54,"column":64}},"27":{"start":{"line":58,"column":2},"end":{"line":58,"column":23}},"28":{"start":{"line":15,"column":13},"end":{"line":60,"column":null}},"29":{"start":{"line":15,"column":13},"end":{"line":15,"column":16}}},"fnMap":{"0":{"name":"(anonymous_12)","decl":{"start":{"line":20,"column":1},"end":{"line":20,"column":null}},"loc":{"start":{"line":25,"column":67},"end":{"line":29,"column":2}}},"1":{"name":"(anonymous_13)","decl":{"start":{"line":31,"column":1},"end":{"line":31,"column":14}},"loc":{"start":{"line":31,"column":14},"end":{"line":36,"column":2}}},"2":{"name":"(anonymous_14)","decl":{"start":{"line":38,"column":1},"end":{"line":38,"column":10}},"loc":{"start":{"line":38,"column":10},"end":{"line":40,"column":2}}},"3":{"name":"(anonymous_15)","decl":{"start":{"line":42,"column":1},"end":{"line":42,"column":19}},"loc":{"start":{"line":42,"column":19},"end":{"line":44,"column":2}}},"4":{"name":"(anonymous_16)","decl":{"start":{"line":46,"column":14},"end":{"line":46,"column":18}},"loc":{"start":{"line":46,"column":18},"end":{"line":55,"column":null}}},"5":{"name":"(anonymous_18)","decl":{"start":{"line":57,"column":8},"end":{"line":57,"column":13}},"loc":{"start":{"line":57,"column":13},"end":{"line":59,"column":2}}}},"branchMap":{"0":{"loc":{"start":{"line":58,"column":2},"end":{"line":58,"column":22}},"type":"cond-expr","locations":[{"start":{"line":58,"column":13},"end":{"line":58,"column":15}},{"start":{"line":58,"column":13},"end":{"line":58,"column":22}}]},"1":{"loc":{"start":{"line":58,"column":2},"end":{"line":58,"column":15}},"type":"binary-expr","locations":[{"start":{"line":58,"column":2},"end":{"line":58,"column":15}},{"start":{"line":58,"column":13},"end":{"line":58,"column":15}}]}},"s":{"0":1,"1":1,"2":1,"3":1,"4":1,"5":1,"6":1,"7":1,"8":1,"9":1,"10":1,"11":1,"12":1,"13":1,"14":1,"15":1,"16":1,"17":1,"18":1,"19":1,"20":1,"21":1,"22":1,"23":1,"24":1,"25":1,"26":1,"27":1,"28":1,"29":1},"f":{"0":1,"1":1,"2":1,"3":1,"4":1,"5":1},"b":{"0":[0,1],"1":[1,1]}}
,"/Users/serjee/Documents/Projects/dashboard-api/src/main.ts": {"path":"/Users/serjee/Documents/Projects/dashboard-api/src/main.ts","statementMap":{"0":{"start":{"line":1,"column":0},"end":{"line":1,"column":67}},"1":{"start":{"line":2,"column":0},"end":{"line":2,"column":28}},"2":{"start":{"line":4,"column":0},"end":{"line":4,"column":58}},"3":{"start":{"line":6,"column":0},"end":{"line":6,"column":55}},"4":{"start":{"line":8,"column":0},"end":{"line":8,"column":59}},"5":{"start":{"line":10,"column":0},"end":{"line":10,"column":53}},"6":{"start":{"line":11,"column":0},"end":{"line":11,"column":32}},"7":{"start":{"line":13,"column":0},"end":{"line":13,"column":56}},"8":{"start":{"line":14,"column":0},"end":{"line":14,"column":58}},"9":{"start":{"line":16,"column":0},"end":{"line":16,"column":59}},"10":{"start":{"line":23,"column":13},"end":{"line":36,"column":3}},"11":{"start":{"line":24,"column":1},"end":{"line":24,"column":78}},"12":{"start":{"line":25,"column":1},"end":{"line":25,"column":84}},"13":{"start":{"line":27,"column":1},"end":{"line":27,"column":86}},"14":{"start":{"line":29,"column":1},"end":{"line":29,"column":77}},"15":{"start":{"line":30,"column":1},"end":{"line":30,"column":80}},"16":{"start":{"line":31,"column":1},"end":{"line":31,"column":79}},"17":{"start":{"line":33,"column":1},"end":{"line":33,"column":86}},"18":{"start":{"line":35,"column":1},"end":{"line":35,"column":49}},"19":{"start":{"line":38,"column":18},"end":{"line":46,"column":2}},"20":{"start":{"line":38,"column":56},"end":{"line":46,"column":2}},"21":{"start":{"line":39,"column":22},"end":{"line":39,"column":37}},"22":{"start":{"line":40,"column":1},"end":{"line":40,"column":32}},"23":{"start":{"line":42,"column":13},"end":{"line":42,"column":45}},"24":{"start":{"line":43,"column":1},"end":{"line":43,"column":18}},"25":{"start":{"line":45,"column":1},"end":{"line":45,"column":30}},"26":{"start":{"line":48,"column":13},"end":{"line":48,"column":32}}},"fnMap":{"0":{"name":"(anonymous_7)","decl":{"start":{"line":23,"column":47},"end":{"line":23,"column":48}},"loc":{"start":{"line":23,"column":73},"end":{"line":36,"column":1}}},"1":{"name":"(anonymous_8)","decl":{"start":{"line":38,"column":18},"end":{"line":38,"column":54}},"loc":{"start":{"line":38,"column":56},"end":{"line":46,"column":2}}},"2":{"name":"(anonymous_9)","decl":{"start":{"line":38,"column":56},"end":{"line":38,"column":null}},"loc":{"start":{"line":38,"column":56},"end":{"line":46,"column":1}}}},"branchMap":{},"s":{"0":1,"1":1,"2":1,"3":1,"4":1,"5":1,"6":1,"7":1,"8":1,"9":1,"10":1,"11":1,"12":1,"13":1,"14":1,"15":1,"16":1,"17":1,"18":1,"19":1,"20":1,"21":1,"22":1,"23":1,"24":1,"25":1,"26":1},"f":{"0":1,"1":1,"2":1},"b":{}}
,"/Users/serjee/Documents/Projects/dashboard-api/src/types.ts": {"path":"/Users/serjee/Documents/Projects/dashboard-api/src/types.ts","statementMap":{"0":{"start":{"line":1,"column":13},"end":{"line":13,"column":2}}},"fnMap":{},"branchMap":{},"s":{"0":1},"f":{},"b":{}}
,"/Users/serjee/Documents/Projects/dashboard-api/src/common/auth.guard.middleware.ts": {"path":"/Users/serjee/Documents/Projects/dashboard-api/src/common/auth.guard.middleware.ts","statementMap":{"0":{"start":{"line":8,"column":2},"end":{"line":10,"column":null}},"1":{"start":{"line":9,"column":3},"end":{"line":9,"column":17}},"2":{"start":{"line":12,"column":2},"end":{"line":12,"column":51}},"3":{"start":{"line":6,"column":0},"end":{"line":6,"column":13}}},"fnMap":{"0":{"name":"(anonymous_0)","decl":{"start":{"line":7,"column":1},"end":{"line":7,"column":8}},"loc":{"start":{"line":7,"column":56},"end":{"line":13,"column":2}}}},"branchMap":{"0":{"loc":{"start":{"line":8,"column":2},"end":{"line":10,"column":null}},"type":"if","locations":[{"start":{"line":8,"column":2},"end":{"line":10,"column":null}}]}},"s":{"0":2,"1":1,"2":1,"3":1},"f":{"0":2},"b":{"0":[1]}}
,"/Users/serjee/Documents/Projects/dashboard-api/src/common/auth.middleware.ts": {"path":"/Users/serjee/Documents/Projects/dashboard-api/src/common/auth.middleware.ts","statementMap":{"0":{"start":{"line":3,"column":0},"end":{"line":3,"column":50}},"1":{"start":{"line":8,"column":21},"end":{"line":8,"column":35}},"2":{"start":{"line":10,"column":2},"end":{"line":22,"column":null}},"3":{"start":{"line":11,"column":3},"end":{"line":19,"column":6}},"4":{"start":{"line":12,"column":4},"end":{"line":18,"column":null}},"5":{"start":{"line":13,"column":5},"end":{"line":13,"column":12}},"6":{"start":{"line":14,"column":11},"end":{"line":18,"column":null}},"7":{"start":{"line":15,"column":5},"end":{"line":15,"column":47}},"8":{"start":{"line":17,"column":5},"end":{"line":17,"column":12}},"9":{"start":{"line":21,"column":3},"end":{"line":21,"column":10}},"10":{"start":{"line":7,"column":0},"end":{"line":7,"column":13}}},"fnMap":{"0":{"name":"(anonymous_0)","decl":{"start":{"line":8,"column":1},"end":{"line":8,"column":21}},"loc":{"start":{"line":8,"column":35},"end":{"line":8,"column":39}}},"1":{"name":"(anonymous_1)","decl":{"start":{"line":9,"column":1},"end":{"line":9,"column":8}},"loc":{"start":{"line":9,"column":56},"end":{"line":23,"column":2}}},"2":{"name":"(anonymous_2)","decl":{"start":{"line":11,"column":64},"end":{"line":11,"column":65}},"loc":{"start":{"line":11,"column":83},"end":{"line":19,"column":4}}}},"branchMap":{"0":{"loc":{"start":{"line":10,"column":2},"end":{"line":22,"column":null}},"type":"if","locations":[{"start":{"line":10,"column":2},"end":{"line":22,"column":null}},{"start":{"line":20,"column":9},"end":{"line":22,"column":null}}]},"1":{"loc":{"start":{"line":12,"column":4},"end":{"line":18,"column":null}},"type":"if","locations":[{"start":{"line":12,"column":4},"end":{"line":18,"column":null}},{"start":{"line":14,"column":11},"end":{"line":18,"column":null}}]},"2":{"loc":{"start":{"line":14,"column":11},"end":{"line":18,"column":null}},"type":"if","locations":[{"start":{"line":14,"column":11},"end":{"line":18,"column":null}}]}},"s":{"0":1,"1":1,"2":6,"3":2,"4":2,"5":1,"6":1,"7":1,"8":1,"9":4,"10":1},"f":{"0":1,"1":6,"2":2},"b":{"0":[2,4],"1":[1,1],"2":[1]}}
,"/Users/serjee/Documents/Projects/dashboard-api/src/common/base.controller.ts": {"path":"/Users/serjee/Documents/Projects/dashboard-api/src/common/base.controller.ts","statementMap":{"0":{"start":{"line":1,"column":0},"end":{"line":1,"column":43}},"1":{"start":{"line":2,"column":0},"end":{"line":2,"column":39}},"2":{"start":{"line":5,"column":0},"end":{"line":5,"column":26}},"3":{"start":{"line":8,"column":7},"end":{"line":42,"column":null}},"4":{"start":{"line":11,"column":21},"end":{"line":11,"column":42}},"5":{"start":{"line":11,"column":54},"end":{"line":11,"column":69}},"6":{"start":{"line":12,"column":2},"end":{"line":12,"column":26}},"7":{"start":{"line":16,"column":2},"end":{"line":16,"column":22}},"8":{"start":{"line":20,"column":2},"end":{"line":20,"column":31}},"9":{"start":{"line":21,"column":2},"end":{"line":21,"column":40}},"10":{"start":{"line":25,"column":2},"end":{"line":25,"column":38}},"11":{"start":{"line":29,"column":2},"end":{"line":29,"column":29}},"12":{"start":{"line":33,"column":2},"end":{"line":40,"column":null}},"13":{"start":{"line":34,"column":3},"end":{"line":34,"column":70}},"14":{"start":{"line":35,"column":23},"end":{"line":35,"column":80}},"15":{"start":{"line":35,"column":56},"end":{"line":35,"column":79}},"16":{"start":{"line":36,"column":19},"end":{"line":36,"column":40}},"17":{"start":{"line":37,"column":20},"end":{"line":37,"column":69}},"18":{"start":{"line":39,"column":3},"end":{"line":39,"column":51}},"19":{"start":{"line":8,"column":22},"end":{"line":42,"column":null}},"20":{"start":{"line":8,"column":22},"end":{"line":8,"column":36}}},"fnMap":{"0":{"name":"(anonymous_2)","decl":{"start":{"line":11,"column":1},"end":{"line":11,"column":21}},"loc":{"start":{"line":11,"column":69},"end":{"line":13,"column":2}}},"1":{"name":"(anonymous_3)","decl":{"start":{"line":15,"column":1},"end":{"line":15,"column":5}},"loc":{"start":{"line":15,"column":11},"end":{"line":17,"column":2}}},"2":{"name":"(anonymous_4)","decl":{"start":{"line":19,"column":8},"end":{"line":19,"column":12}},"loc":{"start":{"line":19,"column":55},"end":{"line":22,"column":2}}},"3":{"name":"(anonymous_5)","decl":{"start":{"line":24,"column":8},"end":{"line":24,"column":10}},"loc":{"start":{"line":24,"column":39},"end":{"line":26,"column":2}}},"4":{"name":"(anonymous_6)","decl":{"start":{"line":28,"column":8},"end":{"line":28,"column":15}},"loc":{"start":{"line":28,"column":29},"end":{"line":30,"column":2}}},"5":{"name":"(anonymous_7)","decl":{"start":{"line":32,"column":11},"end":{"line":32,"column":21}},"loc":{"start":{"line":32,"column":48},"end":{"line":41,"column":2}}},"6":{"name":"(anonymous_8)","decl":{"start":{"line":35,"column":46},"end":{"line":35,"column":47}},"loc":{"start":{"line":35,"column":56},"end":{"line":35,"column":79}}}},"branchMap":{"0":{"loc":{"start":{"line":35,"column":23},"end":{"line":35,"column":80}},"type":"cond-expr","locations":[{"start":{"line":35,"column":40},"end":{"line":35,"column":42}},{"start":{"line":35,"column":40},"end":{"line":35,"column":80}}]},"1":{"loc":{"start":{"line":35,"column":23},"end":{"line":35,"column":42}},"type":"binary-expr","locations":[{"start":{"line":35,"column":23},"end":{"line":35,"column":42}},{"start":{"line":35,"column":40},"end":{"line":35,"column":42}}]},"2":{"loc":{"start":{"line":37,"column":20},"end":{"line":37,"column":69}},"type":"cond-expr","locations":[{"start":{"line":37,"column":34},"end":{"line":37,"column":59}},{"start":{"line":37,"column":62},"end":{"line":37,"column":69}}]}},"s":{"0":1,"1":1,"2":1,"3":1,"4":1,"5":1,"6":1,"7":4,"8":3,"9":3,"10":3,"11":0,"12":1,"13":3,"14":3,"15":3,"16":3,"17":3,"18":3,"19":1,"20":1},"f":{"0":1,"1":4,"2":3,"3":3,"4":0,"5":1,"6":3},"b":{"0":[0,3],"1":[3,3],"2":[3,0]}}
,"/Users/serjee/Documents/Projects/dashboard-api/src/config/config.service.ts": {"path":"/Users/serjee/Documents/Projects/dashboard-api/src/config/config.service.ts","statementMap":{"0":{"start":{"line":1,"column":0},"end":{"line":1,"column":47}},"1":{"start":{"line":2,"column":0},"end":{"line":2,"column":51}},"2":{"start":{"line":3,"column":0},"end":{"line":3,"column":33}},"3":{"start":{"line":8,"column":7},"end":{"line":25,"column":null}},"4":{"start":{"line":11,"column":50},"end":{"line":11,"column":71}},"5":{"start":{"line":12,"column":17},"end":{"line":12,"column":25}},"6":{"start":{"line":13,"column":2},"end":{"line":13,"column":19}},"7":{"start":{"line":15,"column":2},"end":{"line":20,"column":null}},"8":{"start":{"line":16,"column":3},"end":{"line":16,"column":85}},"9":{"start":{"line":18,"column":3},"end":{"line":18,"column":61}},"10":{"start":{"line":19,"column":3},"end":{"line":19,"column":52}},"11":{"start":{"line":23,"column":2},"end":{"line":23,"column":26}},"12":{"start":{"line":8,"column":13},"end":{"line":25,"column":null}},"13":{"start":{"line":8,"column":13},"end":{"line":8,"column":26}}},"fnMap":{"0":{"name":"(anonymous_4)","decl":{"start":{"line":11,"column":1},"end":{"line":11,"column":14}},"loc":{"start":{"line":11,"column":71},"end":{"line":21,"column":2}}},"1":{"name":"(anonymous_5)","decl":{"start":{"line":22,"column":1},"end":{"line":22,"column":4}},"loc":{"start":{"line":22,"column":16},"end":{"line":24,"column":2}}}},"branchMap":{"0":{"loc":{"start":{"line":15,"column":2},"end":{"line":20,"column":null}},"type":"if","locations":[{"start":{"line":15,"column":2},"end":{"line":20,"column":null}},{"start":{"line":17,"column":9},"end":{"line":20,"column":null}}]}},"s":{"0":1,"1":1,"2":1,"3":1,"4":1,"5":1,"6":1,"7":1,"8":0,"9":1,"10":1,"11":3,"12":1,"13":1},"f":{"0":1,"1":3},"b":{"0":[0,1]}}
,"/Users/serjee/Documents/Projects/dashboard-api/src/database/prisma.service.ts": {"path":"/Users/serjee/Documents/Projects/dashboard-api/src/database/prisma.service.ts","statementMap":{"0":{"start":{"line":1,"column":0},"end":{"line":1,"column":47}},"1":{"start":{"line":2,"column":0},"end":{"line":2,"column":57}},"2":{"start":{"line":4,"column":0},"end":{"line":4,"column":33}},"3":{"start":{"line":7,"column":7},"end":{"line":28,"column":null}},"4":{"start":{"line":10,"column":50},"end":{"line":10,"column":71}},"5":{"start":{"line":11,"column":2},"end":{"line":11,"column":35}},"6":{"start":{"line":15,"column":2},"end":{"line":22,"column":null}},"7":{"start":{"line":16,"column":3},"end":{"line":16,"column":32}},"8":{"start":{"line":17,"column":3},"end":{"line":17,"column":48}},"9":{"start":{"line":19,"column":3},"end":{"line":21,"column":null}},"10":{"start":{"line":20,"column":4},"end":{"line":20,"column":75}},"11":{"start":{"line":26,"column":2},"end":{"line":26,"column":34}},"12":{"start":{"line":7,"column":13},"end":{"line":28,"column":null}},"13":{"start":{"line":7,"column":13},"end":{"line":7,"column":26}}},"fnMap":{"0":{"name":"(anonymous_11)","decl":{"start":{"line":10,"column":1},"end":{"line":10,"column":14}},"loc":{"start":{"line":10,"column":71},"end":{"line":12,"column":2}}},"1":{"name":"(anonymous_12)","decl":{"start":{"line":14,"column":7},"end":{"line":14,"column":14}},"loc":{"start":{"line":14,"column":14},"end":{"line":23,"column":null}}},"2":{"name":"(anonymous_14)","decl":{"start":{"line":25,"column":7},"end":{"line":25,"column":17}},"loc":{"start":{"line":25,"column":17},"end":{"line":27,"column":null}}}},"branchMap":{"0":{"loc":{"start":{"line":19,"column":3},"end":{"line":21,"column":null}},"type":"if","locations":[{"start":{"line":19,"column":3},"end":{"line":21,"column":null}}]}},"s":{"0":1,"1":1,"2":1,"3":1,"4":1,"5":1,"6":1,"7":1,"8":1,"9":0,"10":0,"11":0,"12":1,"13":1},"f":{"0":1,"1":1,"2":0},"b":{"0":[0]}}
,"/Users/serjee/Documents/Projects/dashboard-api/src/errors/exeption.filter.ts": {"path":"/Users/serjee/Documents/Projects/dashboard-api/src/errors/exeption.filter.ts","statementMap":{"0":{"start":{"line":2,"column":0},"end":{"line":2,"column":47}},"1":{"start":{"line":5,"column":0},"end":{"line":5,"column":33}},"2":{"start":{"line":7,"column":0},"end":{"line":7,"column":47}},"3":{"start":{"line":8,"column":0},"end":{"line":8,"column":26}},"4":{"start":{"line":11,"column":7},"end":{"line":23,"column":null}},"5":{"start":{"line":12,"column":50},"end":{"line":12,"column":71}},"6":{"start":{"line":15,"column":2},"end":{"line":21,"column":null}},"7":{"start":{"line":16,"column":3},"end":{"line":16,"column":82}},"8":{"start":{"line":17,"column":3},"end":{"line":17,"column":57}},"9":{"start":{"line":19,"column":3},"end":{"line":19,"column":39}},"10":{"start":{"line":20,"column":3},"end":{"line":20,"column":46}},"11":{"start":{"line":11,"column":13},"end":{"line":23,"column":null}},"12":{"start":{"line":11,"column":13},"end":{"line":11,"column":27}}},"fnMap":{"0":{"name":"(anonymous_4)","decl":{"start":{"line":12,"column":1},"end":{"line":12,"column":14}},"loc":{"start":{"line":12,"column":71},"end":{"line":12,"column":75}}},"1":{"name":"(anonymous_5)","decl":{"start":{"line":14,"column":1},"end":{"line":14,"column":6}},"loc":{"start":{"line":14,"column":78},"end":{"line":22,"column":2}}}},"branchMap":{"0":{"loc":{"start":{"line":15,"column":2},"end":{"line":21,"column":null}},"type":"if","locations":[{"start":{"line":15,"column":2},"end":{"line":21,"column":null}},{"start":{"line":18,"column":9},"end":{"line":21,"column":null}}]}},"s":{"0":1,"1":1,"2":1,"3":1,"4":1,"5":1,"6":1,"7":1,"8":1,"9":0,"10":0,"11":1,"12":1},"f":{"0":1,"1":1},"b":{"0":[1,0]}}
,"/Users/serjee/Documents/Projects/dashboard-api/src/errors/http-error.class.ts": {"path":"/Users/serjee/Documents/Projects/dashboard-api/src/errors/http-error.class.ts","statementMap":{"0":{"start":{"line":5,"column":2},"end":{"line":5,"column":17}},"1":{"start":{"line":7,"column":2},"end":{"line":7,"column":31}},"2":{"start":{"line":8,"column":2},"end":{"line":8,"column":25}},"3":{"start":{"line":9,"column":2},"end":{"line":9,"column":25}},"4":{"start":{"line":1,"column":0},"end":{"line":1,"column":13}}},"fnMap":{"0":{"name":"(anonymous_0)","decl":{"start":{"line":4,"column":1},"end":{"line":4,"column":13}},"loc":{"start":{"line":4,"column":66},"end":{"line":10,"column":2}}}},"branchMap":{},"s":{"0":1,"1":1,"2":1,"3":1,"4":1},"f":{"0":1},"b":{}}
,"/Users/serjee/Documents/Projects/dashboard-api/src/logger/logger.service.ts": {"path":"/Users/serjee/Documents/Projects/dashboard-api/src/logger/logger.service.ts","statementMap":{"0":{"start":{"line":1,"column":0},"end":{"line":1,"column":65}},"1":{"start":{"line":2,"column":0},"end":{"line":2,"column":31}},"2":{"start":{"line":4,"column":0},"end":{"line":4,"column":26}},"3":{"start":{"line":7,"column":7},"end":{"line":30,"column":null}},"4":{"start":{"line":11,"column":2},"end":{"line":16,"column":5}},"5":{"start":{"line":20,"column":2},"end":{"line":20,"column":28}},"6":{"start":{"line":24,"column":2},"end":{"line":24,"column":29}},"7":{"start":{"line":28,"column":2},"end":{"line":28,"column":28}},"8":{"start":{"line":7,"column":13},"end":{"line":30,"column":null}},"9":{"start":{"line":7,"column":13},"end":{"line":7,"column":25}}},"fnMap":{"0":{"name":"(anonymous_2)","decl":{"start":{"line":10,"column":1},"end":{"line":10,"column":null}},"loc":{"start":{"line":10,"column":1},"end":{"line":17,"column":2}}},"1":{"name":"(anonymous_3)","decl":{"start":{"line":19,"column":8},"end":{"line":19,"column":11}},"loc":{"start":{"line":19,"column":30},"end":{"line":21,"column":2}}},"2":{"name":"(anonymous_4)","decl":{"start":{"line":23,"column":8},"end":{"line":23,"column":13}},"loc":{"start":{"line":23,"column":32},"end":{"line":25,"column":2}}},"3":{"name":"(anonymous_5)","decl":{"start":{"line":27,"column":8},"end":{"line":27,"column":12}},"loc":{"start":{"line":27,"column":31},"end":{"line":29,"column":2}}}},"branchMap":{},"s":{"0":1,"1":1,"2":1,"3":1,"4":1,"5":9,"6":1,"7":0,"8":1,"9":1},"f":{"0":1,"1":9,"2":1,"3":0},"b":{}}
,"/Users/serjee/Documents/Projects/dashboard-api/src/users/user.entity.ts": {"path":"/Users/serjee/Documents/Projects/dashboard-api/src/users/user.entity.ts","statementMap":{"0":{"start":{"line":1,"column":0},"end":{"line":1,"column":41}},"1":{"start":{"line":6,"column":21},"end":{"line":6,"column":35}},"2":{"start":{"line":6,"column":45},"end":{"line":6,"column":58}},"3":{"start":{"line":4,"column":9},"end":{"line":4,"column":32}},"4":{"start":{"line":7,"column":2},"end":{"line":9,"column":null}},"5":{"start":{"line":8,"column":3},"end":{"line":8,"column":33}},"6":{"start":{"line":13,"column":2},"end":{"line":13,"column":21}},"7":{"start":{"line":17,"column":2},"end":{"line":17,"column":20}},"8":{"start":{"line":21,"column":2},"end":{"line":21,"column":24}},"9":{"start":{"line":25,"column":2},"end":{"line":25,"column":42}},"10":{"start":{"line":29,"column":2},"end":{"line":29,"column":45}},"11":{"start":{"line":3,"column":0},"end":{"line":3,"column":13}}},"fnMap":{"0":{"name":"(anonymous_7)","decl":{"start":{"line":6,"column":1},"end":{"line":6,"column":21}},"loc":{"start":{"line":6,"column":81},"end":{"line":10,"column":2}}},"1":{"name":"(anonymous_8)","decl":{"start":{"line":12,"column":1},"end":{"line":12,"column":5}},"loc":{"start":{"line":12,"column":10},"end":{"line":14,"column":2}}},"2":{"name":"(anonymous_9)","decl":{"start":{"line":16,"column":1},"end":{"line":16,"column":5}},"loc":{"start":{"line":16,"column":9},"end":{"line":18,"column":2}}},"3":{"name":"(anonymous_10)","decl":{"start":{"line":20,"column":1},"end":{"line":20,"column":5}},"loc":{"start":{"line":20,"column":13},"end":{"line":22,"column":2}}},"4":{"name":"(anonymous_11)","decl":{"start":{"line":24,"column":14},"end":{"line":24,"column":25}},"loc":{"start":{"line":24,"column":52},"end":{"line":26,"column":null}}},"5":{"name":"(anonymous_13)","decl":{"start":{"line":28,"column":14},"end":{"line":28,"column":29}},"loc":{"start":{"line":28,"column":42},"end":{"line":30,"column":null}}}},"branchMap":{"0":{"loc":{"start":{"line":7,"column":2},"end":{"line":9,"column":null}},"type":"if","locations":[{"start":{"line":7,"column":2},"end":{"line":9,"column":null}}]}},"s":{"0":1,"1":3,"2":3,"3":3,"4":3,"5":3,"6":0,"7":0,"8":0,"9":0,"10":3,"11":1},"f":{"0":3,"1":0,"2":0,"3":0,"4":0,"5":3},"b":{"0":[3]}}
,"/Users/serjee/Documents/Projects/dashboard-api/src/users/users.controller.ts": {"path":"/Users/serjee/Documents/Projects/dashboard-api/src/users/users.controller.ts","statementMap":{"0":{"start":{"line":2,"column":0},"end":{"line":2,"column":47}},"1":{"start":{"line":3,"column":0},"end":{"line":3,"column":36}},"2":{"start":{"line":4,"column":0},"end":{"line":4,"column":59}},"3":{"start":{"line":5,"column":0},"end":{"line":5,"column":55}},"4":{"start":{"line":8,"column":0},"end":{"line":8,"column":70}},"5":{"start":{"line":9,"column":0},"end":{"line":9,"column":33}},"6":{"start":{"line":12,"column":0},"end":{"line":12,"column":52}},"7":{"start":{"line":13,"column":0},"end":{"line":13,"column":58}},"8":{"start":{"line":14,"column":0},"end":{"line":14,"column":59}},"9":{"start":{"line":15,"column":0},"end":{"line":15,"column":26}},"10":{"start":{"line":18,"column":7},"end":{"line":111,"column":null}},"11":{"start":{"line":24,"column":2},"end":{"line":24,"column":32}},"12":{"start":{"line":20,"column":39},"end":{"line":20,"column":67}},"13":{"start":{"line":21,"column":38},"end":{"line":21,"column":65}},"14":{"start":{"line":22,"column":39},"end":{"line":22,"column":68}},"15":{"start":{"line":26,"column":2},"end":{"line":45,"column":5}},"16":{"start":{"line":53,"column":17},"end":{"line":53,"column":63}},"17":{"start":{"line":55,"column":2},"end":{"line":57,"column":null}},"18":{"start":{"line":56,"column":3},"end":{"line":56,"column":58}},"19":{"start":{"line":58,"column":2},"end":{"line":58,"column":91}},"20":{"start":{"line":59,"column":14},"end":{"line":59,"column":82}},"21":{"start":{"line":61,"column":2},"end":{"line":61,"column":24}},"22":{"start":{"line":69,"column":17},"end":{"line":69,"column":61}},"23":{"start":{"line":71,"column":2},"end":{"line":73,"column":null}},"24":{"start":{"line":72,"column":3},"end":{"line":72,"column":59}},"25":{"start":{"line":75,"column":2},"end":{"line":75,"column":94}},"26":{"start":{"line":76,"column":2},"end":{"line":76,"column":55}},"27":{"start":{"line":80,"column":19},"end":{"line":80,"column":65}},"28":{"start":{"line":82,"column":2},"end":{"line":84,"column":null}},"29":{"start":{"line":83,"column":3},"end":{"line":83,"column":42}},"30":{"start":{"line":86,"column":2},"end":{"line":86,"column":84}},"31":{"start":{"line":87,"column":2},"end":{"line":87,"column":83}},"32":{"start":{"line":91,"column":2},"end":{"line":109,"column":5}},"33":{"start":{"line":92,"column":3},"end":{"line":108,"column":5}},"34":{"start":{"line":102,"column":5},"end":{"line":104,"column":null}},"35":{"start":{"line":103,"column":6},"end":{"line":103,"column":20}},"36":{"start":{"line":106,"column":5},"end":{"line":106,"column":30}},"37":{"start":{"line":18,"column":13},"end":{"line":111,"column":null}},"38":{"start":{"line":18,"column":13},"end":{"line":18,"column":28}}},"fnMap":{"0":{"name":"(anonymous_11)","decl":{"start":{"line":19,"column":1},"end":{"line":19,"column":null}},"loc":{"start":{"line":22,"column":68},"end":{"line":46,"column":2}}},"1":{"name":"(anonymous_12)","decl":{"start":{"line":48,"column":7},"end":{"line":48,"column":12}},"loc":{"start":{"line":51,"column":20},"end":{"line":62,"column":null}}},"2":{"name":"(anonymous_14)","decl":{"start":{"line":64,"column":7},"end":{"line":64,"column":15}},"loc":{"start":{"line":67,"column":20},"end":{"line":77,"column":null}}},"3":{"name":"(anonymous_16)","decl":{"start":{"line":79,"column":7},"end":{"line":79,"column":11}},"loc":{"start":{"line":79,"column":59},"end":{"line":88,"column":null}}},"4":{"name":"(anonymous_18)","decl":{"start":{"line":90,"column":15},"end":{"line":90,"column":22}},"loc":{"start":{"line":90,"column":52},"end":{"line":110,"column":null}}},"5":{"name":"(anonymous_20)","decl":{"start":{"line":91,"column":29},"end":{"line":91,"column":30}},"loc":{"start":{"line":91,"column":49},"end":{"line":109,"column":3}}},"6":{"name":"(anonymous_21)","decl":{"start":{"line":101,"column":4},"end":{"line":101,"column":5}},"loc":{"start":{"line":101,"column":21},"end":{"line":107,"column":5}}}},"branchMap":{"0":{"loc":{"start":{"line":55,"column":2},"end":{"line":57,"column":null}},"type":"if","locations":[{"start":{"line":55,"column":2},"end":{"line":57,"column":null}}]},"1":{"loc":{"start":{"line":71,"column":2},"end":{"line":73,"column":null}},"type":"if","locations":[{"start":{"line":71,"column":2},"end":{"line":73,"column":null}}]},"2":{"loc":{"start":{"line":82,"column":2},"end":{"line":84,"column":null}},"type":"if","locations":[{"start":{"line":82,"column":2},"end":{"line":84,"column":null}}]},"3":{"loc":{"start":{"line":87,"column":24},"end":{"line":87,"column":39}},"type":"cond-expr","locations":[{"start":{"line":87,"column":32},"end":{"line":87,"column":34}},{"start":{"line":87,"column":24},"end":{"line":87,"column":39}}]},"4":{"loc":{"start":{"line":87,"column":24},"end":{"line":87,"column":34}},"type":"binary-expr","locations":[{"start":{"line":87,"column":24},"end":{"line":87,"column":34}},{"start":{"line":87,"column":24},"end":{"line":87,"column":34}}]},"5":{"loc":{"start":{"line":87,"column":45},"end":{"line":87,"column":57}},"type":"cond-expr","locations":[{"start":{"line":87,"column":53},"end":{"line":87,"column":55}},{"start":{"line":87,"column":45},"end":{"line":87,"column":57}}]},"6":{"loc":{"start":{"line":87,"column":45},"end":{"line":87,"column":55}},"type":"binary-expr","locations":[{"start":{"line":87,"column":45},"end":{"line":87,"column":55}},{"start":{"line":87,"column":45},"end":{"line":87,"column":55}}]},"7":{"loc":{"start":{"line":87,"column":65},"end":{"line":87,"column":79}},"type":"cond-expr","locations":[{"start":{"line":87,"column":73},"end":{"line":87,"column":75}},{"start":{"line":87,"column":65},"end":{"line":87,"column":79}}]},"8":{"loc":{"start":{"line":87,"column":65},"end":{"line":87,"column":75}},"type":"binary-expr","locations":[{"start":{"line":87,"column":65},"end":{"line":87,"column":75}},{"start":{"line":87,"column":65},"end":{"line":87,"column":75}}]},"9":{"loc":{"start":{"line":102,"column":5},"end":{"line":104,"column":null}},"type":"if","locations":[{"start":{"line":102,"column":5},"end":{"line":104,"column":null}}]}},"s":{"0":1,"1":1,"2":1,"3":1,"4":1,"5":1,"6":1,"7":1,"8":1,"9":1,"10":1,"11":1,"12":1,"13":1,"14":1,"15":1,"16":3,"17":3,"18":1,"19":2,"20":2,"21":2,"22":0,"23":0,"24":0,"25":0,"26":0,"27":1,"28":1,"29":0,"30":1,"31":1,"32":2,"33":2,"34":2,"35":0,"36":2,"37":1,"38":1},"f":{"0":1,"1":3,"2":0,"3":1,"4":2,"5":2,"6":2},"b":{"0":[1],"1":[0],"2":[0],"3":[0,1],"4":[1,1],"5":[0,1],"6":[1,1],"7":[0,1],"8":[1,1],"9":[0]}}
,"/Users/serjee/Documents/Projects/dashboard-api/src/users/users.repository.ts": {"path":"/Users/serjee/Documents/Projects/dashboard-api/src/users/users.repository.ts","statementMap":{"0":{"start":{"line":1,"column":0},"end":{"line":1,"column":47}},"1":{"start":{"line":5,"column":0},"end":{"line":5,"column":59}},"2":{"start":{"line":6,"column":0},"end":{"line":6,"column":33}},"3":{"start":{"line":9,"column":7},"end":{"line":27,"column":null}},"4":{"start":{"line":10,"column":50},"end":{"line":10,"column":65}},"5":{"start":{"line":13,"column":2},"end":{"line":19,"column":5}},"6":{"start":{"line":23,"column":2},"end":{"line":25,"column":5}},"7":{"start":{"line":9,"column":13},"end":{"line":27,"column":null}},"8":{"start":{"line":9,"column":13},"end":{"line":9,"column":28}}},"fnMap":{"0":{"name":"(anonymous_11)","decl":{"start":{"line":10,"column":1},"end":{"line":10,"column":14}},"loc":{"start":{"line":10,"column":78},"end":{"line":10,"column":82}}},"1":{"name":"(anonymous_12)","decl":{"start":{"line":12,"column":7},"end":{"line":12,"column":13}},"loc":{"start":{"line":12,"column":24},"end":{"line":20,"column":null}}},"2":{"name":"(anonymous_14)","decl":{"start":{"line":22,"column":7},"end":{"line":22,"column":11}},"loc":{"start":{"line":22,"column":25},"end":{"line":26,"column":null}}}},"branchMap":{},"s":{"0":1,"1":1,"2":1,"3":1,"4":1,"5":0,"6":4,"7":1,"8":1},"f":{"0":1,"1":0,"2":4},"b":{}}
,"/Users/serjee/Documents/Projects/dashboard-api/src/users/users.service.ts": {"path":"/Users/serjee/Documents/Projects/dashboard-api/src/users/users.service.ts","statementMap":{"0":{"start":{"line":1,"column":0},"end":{"line":1,"column":47}},"1":{"start":{"line":4,"column":0},"end":{"line":4,"column":33}},"2":{"start":{"line":7,"column":0},"end":{"line":7,"column":37}},"3":{"start":{"line":12,"column":7},"end":{"line":44,"column":null}},"4":{"start":{"line":14,"column":39},"end":{"line":14,"column":68}},"5":{"start":{"line":15,"column":41},"end":{"line":15,"column":74}},"6":{"start":{"line":18,"column":22},"end":{"line":18,"column":64}},"7":{"start":{"line":19,"column":2},"end":{"line":21,"column":null}},"8":{"start":{"line":20,"column":3},"end":{"line":20,"column":15}},"9":{"start":{"line":23,"column":15},"end":{"line":23,"column":45}},"10":{"start":{"line":24,"column":18},"end":{"line":24,"column":47}},"11":{"start":{"line":25,"column":2},"end":{"line":25,"column":56}},"12":{"start":{"line":27,"column":2},"end":{"line":27,"column":46}},"13":{"start":{"line":31,"column":22},"end":{"line":31,"column":64}},"14":{"start":{"line":32,"column":2},"end":{"line":34,"column":null}},"15":{"start":{"line":33,"column":3},"end":{"line":33,"column":16}},"16":{"start":{"line":36,"column":18},"end":{"line":36,"column":85}},"17":{"start":{"line":38,"column":2},"end":{"line":38,"column":47}},"18":{"start":{"line":42,"column":2},"end":{"line":42,"column":48}},"19":{"start":{"line":12,"column":13},"end":{"line":44,"column":null}},"20":{"start":{"line":12,"column":13},"end":{"line":12,"column":25}}},"fnMap":{"0":{"name":"(anonymous_11)","decl":{"start":{"line":13,"column":1},"end":{"line":13,"column":null}},"loc":{"start":{"line":15,"column":74},"end":{"line":16,"column":5}}},"1":{"name":"(anonymous_12)","decl":{"start":{"line":17,"column":7},"end":{"line":17,"column":17}},"loc":{"start":{"line":17,"column":38},"end":{"line":28,"column":null}}},"2":{"name":"(anonymous_14)","decl":{"start":{"line":30,"column":7},"end":{"line":30,"column":19}},"loc":{"start":{"line":30,"column":37},"end":{"line":39,"column":null}}},"3":{"name":"(anonymous_16)","decl":{"start":{"line":41,"column":7},"end":{"line":41,"column":18}},"loc":{"start":{"line":41,"column":32},"end":{"line":43,"column":null}}}},"branchMap":{"0":{"loc":{"start":{"line":19,"column":2},"end":{"line":21,"column":null}},"type":"if","locations":[{"start":{"line":19,"column":2},"end":{"line":21,"column":null}}]},"1":{"loc":{"start":{"line":32,"column":2},"end":{"line":34,"column":null}},"type":"if","locations":[{"start":{"line":32,"column":2},"end":{"line":34,"column":null}}]}},"s":{"0":1,"1":1,"2":1,"3":1,"4":1,"5":1,"6":0,"7":0,"8":0,"9":0,"10":0,"11":0,"12":0,"13":3,"14":3,"15":0,"16":3,"17":3,"18":1,"19":1,"20":1},"f":{"0":1,"1":0,"2":3,"3":1},"b":{"0":[0],"1":[0]}}
,"/Users/serjee/Documents/Projects/dashboard-api/src/users/validate.middleware.ts": {"path":"/Users/serjee/Documents/Projects/dashboard-api/src/users/validate.middleware.ts","statementMap":{"0":{"start":{"line":2,"column":0},"end":{"line":2,"column":67}},"1":{"start":{"line":3,"column":0},"end":{"line":3,"column":43}},"2":{"start":{"line":7,"column":21},"end":{"line":7,"column":62}},"3":{"start":{"line":9,"column":19},"end":{"line":9,"column":63}},"4":{"start":{"line":11,"column":2},"end":{"line":17,"column":5}},"5":{"start":{"line":12,"column":3},"end":{"line":16,"column":null}},"6":{"start":{"line":13,"column":4},"end":{"line":13,"column":33}},"7":{"start":{"line":15,"column":4},"end":{"line":15,"column":11}},"8":{"start":{"line":6,"column":0},"end":{"line":6,"column":13}}},"fnMap":{"0":{"name":"(anonymous_0)","decl":{"start":{"line":7,"column":1},"end":{"line":7,"column":21}},"loc":{"start":{"line":7,"column":62},"end":{"line":7,"column":66}}},"1":{"name":"(anonymous_1)","decl":{"start":{"line":8,"column":1},"end":{"line":8,"column":8}},"loc":{"start":{"line":8,"column":56},"end":{"line":18,"column":2}}},"2":{"name":"(anonymous_2)","decl":{"start":{"line":11,"column":26},"end":{"line":11,"column":27}},"loc":{"start":{"line":11,"column":37},"end":{"line":17,"column":3}}}},"branchMap":{"0":{"loc":{"start":{"line":12,"column":3},"end":{"line":16,"column":null}},"type":"if","locations":[{"start":{"line":12,"column":3},"end":{"line":16,"column":null}},{"start":{"line":14,"column":10},"end":{"line":16,"column":null}}]}},"s":{"0":1,"1":1,"2":2,"3":4,"4":4,"5":4,"6":1,"7":3,"8":1},"f":{"0":2,"1":4,"2":4},"b":{"0":[1,3]}}
,"/Users/serjee/Documents/Projects/dashboard-api/src/users/dto/user-login.dto.ts": {"path":"/Users/serjee/Documents/Projects/dashboard-api/src/users/dto/user-login.dto.ts","statementMap":{"0":{"start":{"line":1,"column":0},"end":{"line":1,"column":52}},"1":{"start":{"line":3,"column":1},"end":{"line":4,"column":null}},"2":{"start":{"line":5,"column":1},"end":{"line":6,"column":null}},"3":{"start":{"line":2,"column":0},"end":{"line":2,"column":13}}},"fnMap":{},"branchMap":{},"s":{"0":1,"1":1,"2":1,"3":1},"f":{},"b":{}}
,"/Users/serjee/Documents/Projects/dashboard-api/src/users/dto/user-register.dto.ts": {"path":"/Users/serjee/Documents/Projects/dashboard-api/src/users/dto/user-register.dto.ts","statementMap":{"0":{"start":{"line":1,"column":0},"end":{"line":1,"column":52}},"1":{"start":{"line":4,"column":1},"end":{"line":5,"column":null}},"2":{"start":{"line":6,"column":1},"end":{"line":7,"column":null}},"3":{"start":{"line":8,"column":1},"end":{"line":9,"column":null}},"4":{"start":{"line":3,"column":0},"end":{"line":3,"column":13}}},"fnMap":{},"branchMap":{},"s":{"0":1,"1":1,"2":1,"3":1,"4":1},"f":{},"b":{}}
}
